<?xml version="1.0" encoding="UTF-8"?>
<!-- Generated by org.testng.reporters.JUnitXMLReporter -->
<testsuite ignored="0" hostname="DESKTOP-3S3TPKJ" failures="0" tests="2" name="Negative Login Test" time="10.687" errors="0" timestamp="2025-03-26T18:01:24 IST">
  <testcase classname="practicetestautomation.NegativeLoginTests" name="incorrectPasswordTest" time="4.888"/>
  <testcase classname="practicetestautomation.NegativeLoginTests" name="incorrectUsernameTest" time="5.79"/>
</testsuite> <!-- Negative Login Test -->
