<?xml version="1.0" encoding="UTF-8"?>
<testng-results ignored="0" total="3" passed="3" failed="0" skipped="0">
  <reporter-output>
  </reporter-output>
  <suite started-at="2025-03-26T18:01:01 IST" name="Full Regression Suite" finished-at="2025-03-26T18:01:24 IST" duration-ms="22580">
    <groups>
    </groups>
    <test started-at="2025-03-26T18:01:01 IST" name="Postive Login Test" finished-at="2025-03-26T18:01:13 IST" duration-ms="11819">
      <class name="practicetestautomation.PositiveLoginTests">
        <test-method signature="testLoginFunctionality()[pri:0, instance:practicetestautomation.PositiveLoginTests@1e800aaa]" started-at="2025-03-26T18:01:01 IST" name="testLoginFunctionality" finished-at="2025-03-26T18:01:13 IST" duration-ms="11713" status="PASS">
          <reporter-output>
          </reporter-output>
        </test-method> <!-- testLoginFunctionality -->
      </class> <!-- practicetestautomation.PositiveLoginTests -->
    </test> <!-- Postive Login Test -->
    <test started-at="2025-03-26T18:01:13 IST" name="Negative Login Test" finished-at="2025-03-26T18:01:24 IST" duration-ms="10687">
      <class name="practicetestautomation.NegativeLoginTests">
        <test-method signature="incorrectPasswordTest()[pri:0, instance:practicetestautomation.NegativeLoginTests@65d09a04]" started-at="2025-03-26T18:01:13 IST" name="incorrectPasswordTest" finished-at="2025-03-26T18:01:18 IST" duration-ms="4888" status="PASS">
          <reporter-output>
          </reporter-output>
        </test-method> <!-- incorrectPasswordTest -->
        <test-method signature="incorrectUsernameTest()[pri:0, instance:practicetestautomation.NegativeLoginTests@65d09a04]" started-at="2025-03-26T18:01:18 IST" name="incorrectUsernameTest" finished-at="2025-03-26T18:01:24 IST" duration-ms="5790" status="PASS">
          <reporter-output>
          </reporter-output>
        </test-method> <!-- incorrectUsernameTest -->
      </class> <!-- practicetestautomation.NegativeLoginTests -->
    </test> <!-- Negative Login Test -->
  </suite> <!-- Full Regression Suite -->
</testng-results>
